{
  message: 'Database connect successfully',
  level: 'info',
  label: 'PH',
  timestamp: '2023-06-12T15:01:37.770Z'
}
{
  message: 'Application app listening on port 5000',
  level: 'info',
  label: 'PH',
  timestamp: '2023-06-12T15:01:37.777Z'
}
{
  message: 'Database connect successfully',
  level: 'info',
  label: 'PH',
  timestamp: '2023-06-12T15:08:06.027Z'
}
{
  message: 'Application app listening on port 5000',
  level: 'info',
  label: 'PH',
  timestamp: '2023-06-12T15:08:06.033Z'
}
{
  message: 'Database connect successfully',
  level: 'info',
  label: 'PH',
  timestamp: '2023-06-12T15:11:06.163Z'
}
{
  message: 'Application app listening on port 5000',
  level: 'info',
  label: 'PH',
  timestamp: '2023-06-12T15:11:06.169Z'
}
{
  message: 'Database connect successfully',
  level: 'info',
  label: 'PH',
  timestamp: '2023-06-12T15:12:20.012Z'
}
{
  message: 'Application app listening on port 5000',
  level: 'info',
  label: 'PH',
  timestamp: '2023-06-12T15:12:20.019Z'
}
{
  message: 'Database connect successfully',
  level: 'info',
  label: 'PH',
  timestamp: '2023-06-12T15:16:35.949Z'
}
{
  message: 'Application app listening on port 5000',
  level: 'info',
  label: 'PH',
  timestamp: '2023-06-12T15:16:35.959Z'
}
{
  message: 'Database connect successfully',
  level: 'info',
  label: 'PH',
  timestamp: '2023-06-12T15:16:56.768Z'
}
{
  message: 'Application app listening on port 5000',
  level: 'info',
  label: 'PH',
  timestamp: '2023-06-12T15:16:56.776Z'
}
{
  message: 'Database connect successfully',
  level: 'info',
  label: 'PH',
  timestamp: '2023-06-12T15:18:22.822Z'
}
{
  message: 'Application app listening on port 5000',
  level: 'info',
  label: 'PH',
  timestamp: '2023-06-12T15:18:22.833Z'
}
{
  message: 'Database connect successfully',
  level: 'info',
  label: 'PH',
  timestamp: '2023-06-12T15:18:49.021Z'
}
{
  message: 'Application app listening on port 5000',
  level: 'info',
  label: 'PH',
  timestamp: '2023-06-12T15:18:49.028Z'
}
{
  message: 'Database connect successfully',
  level: 'info',
  label: 'PH',
  timestamp: '2023-06-12T15:20:19.019Z'
}
{
  message: 'Application app listening on port 5000',
  level: 'info',
  label: 'PH',
  timestamp: '2023-06-12T15:20:19.026Z'
}
{
  message: 'Database connect successfully',
  level: 'info',
  label: 'PH',
  timestamp: '2023-06-12T15:23:12.816Z'
}
{
  message: 'Application app listening on port 5000',
  level: 'info',
  label: 'PH',
  timestamp: '2023-06-12T15:23:12.824Z'
}
{
  message: 'Database connect successfully',
  level: 'info',
  label: 'PH',
  timestamp: '2023-06-12T15:25:18.437Z'
}
{
  message: 'Application app listening on port 5000',
  level: 'info',
  label: 'PH',
  timestamp: '2023-06-12T15:25:18.445Z'
}
{
  message: 'Database connect successfully',
  level: 'info',
  label: 'PH',
  timestamp: '2023-06-12T15:26:24.955Z'
}
{
  message: 'Application app listening on port 5000',
  level: 'info',
  label: 'PH',
  timestamp: '2023-06-12T15:26:24.962Z'
}
{
  message: 'Database connect successfully',
  level: 'info',
  label: 'PH',
  timestamp: '2023-06-12T15:41:23.267Z'
}
{
  message: 'Application app listening on port 5000',
  level: 'info',
  label: 'PH',
  timestamp: '2023-06-12T15:41:23.277Z'
}
{
  message: 'Database connect successfully',
  level: 'info',
  label: 'PH',
  timestamp: '2023-06-12T15:41:32.330Z'
}
{
  message: 'Application app listening on port 5000',
  level: 'info',
  label: 'PH',
  timestamp: '2023-06-12T15:41:32.344Z'
}
{
  message: 'Database connect successfully',
  level: 'info',
  label: 'PH',
  timestamp: '2023-06-12T15:46:01.416Z'
}
{
  message: 'Application app listening on port 5000',
  level: 'info',
  label: 'PH',
  timestamp: '2023-06-12T15:46:01.423Z'
}
