{
  message: 'Database connect successfully',
  level: 'info',
  label: 'PH',
  timestamp: '2023-09-19T04:33:27.557Z'
}
{
  message: 'Application app listening on port 5001',
  level: 'info',
  label: 'PH',
  timestamp: '2023-09-19T04:33:27.564Z'
}
{
  message: 'Database connect successfully',
  level: 'info',
  label: 'PH',
  timestamp: '2023-09-19T04:33:40.330Z'
}
{
  message: 'Application app listening on port 5001',
  level: 'info',
  label: 'PH',
  timestamp: '2023-09-19T04:33:40.342Z'
}
{
  message: 'Database connect successfully',
  level: 'info',
  label: 'PH',
  timestamp: '2023-09-19T04:38:55.432Z'
}
{
  message: 'Application app listening on port 5001',
  level: 'info',
  label: 'PH',
  timestamp: '2023-09-19T04:38:55.444Z'
}
{
  message: 'Database connect successfully',
  level: 'info',
  label: 'PH',
  timestamp: '2023-09-19T04:39:18.847Z'
}
{
  message: 'Application app listening on port 5001',
  level: 'info',
  label: 'PH',
  timestamp: '2023-09-19T04:39:18.854Z'
}
{
  message: 'Database connect successfully',
  level: 'info',
  label: 'PH',
  timestamp: '2023-09-19T04:42:00.148Z'
}
{
  message: 'Application app listening on port 5001',
  level: 'info',
  label: 'PH',
  timestamp: '2023-09-19T04:42:00.155Z'
}
{
  message: 'Database connect successfully',
  level: 'info',
  label: 'PH',
  timestamp: '2023-09-19T04:46:53.830Z'
}
{
  message: 'Application app listening on port 5001',
  level: 'info',
  label: 'PH',
  timestamp: '2023-09-19T04:46:53.844Z'
}
{
  message: 'Database connect successfully',
  level: 'info',
  label: 'PH',
  timestamp: '2023-09-19T04:49:44.018Z'
}
{
  message: 'Application app listening on port 5001',
  level: 'info',
  label: 'PH',
  timestamp: '2023-09-19T04:49:44.024Z'
}
{
  message: 'Database connect successfully',
  level: 'info',
  label: 'PH',
  timestamp: '2023-09-19T04:53:11.863Z'
}
{
  message: 'Application app listening on port 5001',
  level: 'info',
  label: 'PH',
  timestamp: '2023-09-19T04:53:11.869Z'
}
{
  message: 'Database connect successfully',
  level: 'info',
  label: 'PH',
  timestamp: '2023-09-19T04:53:25.197Z'
}
{
  message: 'Application app listening on port 5001',
  level: 'info',
  label: 'PH',
  timestamp: '2023-09-19T04:53:25.207Z'
}
{
  message: 'Database connect successfully',
  level: 'info',
  label: 'PH',
  timestamp: '2023-09-19T04:53:30.198Z'
}
{
  message: 'Application app listening on port 5001',
  level: 'info',
  label: 'PH',
  timestamp: '2023-09-19T04:53:30.205Z'
}
{
  message: 'Database connect successfully',
  level: 'info',
  label: 'PH',
  timestamp: '2023-09-19T04:55:51.552Z'
}
{
  message: 'Application app listening on port 5001',
  level: 'info',
  label: 'PH',
  timestamp: '2023-09-19T04:55:51.559Z'
}
{
  message: 'Database connect successfully',
  level: 'info',
  label: 'PH',
  timestamp: '2023-09-19T04:56:09.972Z'
}
{
  message: 'Application app listening on port 5001',
  level: 'info',
  label: 'PH',
  timestamp: '2023-09-19T04:56:09.980Z'
}
{
  message: 'Database connect successfully',
  level: 'info',
  label: 'PH',
  timestamp: '2023-09-19T04:56:20.289Z'
}
{
  message: 'Application app listening on port 5001',
  level: 'info',
  label: 'PH',
  timestamp: '2023-09-19T04:56:20.296Z'
}
