{
  message: 'Database connect successfully',
  level: 'info',
  label: 'PH',
  timestamp: '2023-09-21T16:12:18.427Z'
}
{
  message: 'Application app listening on port 5001',
  level: 'info',
  label: 'PH',
  timestamp: '2023-09-21T16:12:18.434Z'
}
{
  message: 'Database connect successfully',
  level: 'info',
  label: 'PH',
  timestamp: '2023-09-21T16:15:09.138Z'
}
{
  message: 'Application app listening on port 5001',
  level: 'info',
  label: 'PH',
  timestamp: '2023-09-21T16:15:09.146Z'
}
{
  message: 'Database connect successfully',
  level: 'info',
  label: 'PH',
  timestamp: '2023-09-21T16:15:18.515Z'
}
{
  message: 'Application app listening on port 5001',
  level: 'info',
  label: 'PH',
  timestamp: '2023-09-21T16:15:18.522Z'
}
{
  message: 'Database connect successfully',
  level: 'info',
  label: 'PH',
  timestamp: '2023-09-21T16:18:45.475Z'
}
{
  message: 'Application app listening on port 5001',
  level: 'info',
  label: 'PH',
  timestamp: '2023-09-21T16:18:45.486Z'
}
{
  message: 'Database connect successfully',
  level: 'info',
  label: 'PH',
  timestamp: '2023-09-21T16:18:49.129Z'
}
{
  message: 'Application app listening on port 5001',
  level: 'info',
  label: 'PH',
  timestamp: '2023-09-21T16:18:49.136Z'
}
{
  message: 'Database connect successfully',
  level: 'info',
  label: 'PH',
  timestamp: '2023-09-21T16:23:51.149Z'
}
{
  message: 'Application app listening on port 5001',
  level: 'info',
  label: 'PH',
  timestamp: '2023-09-21T16:23:51.155Z'
}
{
  message: 'Database connect successfully',
  level: 'info',
  label: 'PH',
  timestamp: '2023-09-21T16:23:58.753Z'
}
{
  message: 'Application app listening on port 5001',
  level: 'info',
  label: 'PH',
  timestamp: '2023-09-21T16:23:58.764Z'
}
{
  message: 'Database connect successfully',
  level: 'info',
  label: 'PH',
  timestamp: '2023-09-21T16:26:47.556Z'
}
{
  message: 'Application app listening on port 5001',
  level: 'info',
  label: 'PH',
  timestamp: '2023-09-21T16:26:47.570Z'
}
{
  message: 'Database connect successfully',
  level: 'info',
  label: 'PH',
  timestamp: '2023-09-21T16:26:49.895Z'
}
{
  message: 'Application app listening on port 5001',
  level: 'info',
  label: 'PH',
  timestamp: '2023-09-21T16:26:49.909Z'
}
{
  message: 'Database connect successfully',
  level: 'info',
  label: 'PH',
  timestamp: '2023-09-21T16:26:55.337Z'
}
{
  message: 'Application app listening on port 5001',
  level: 'info',
  label: 'PH',
  timestamp: '2023-09-21T16:26:55.347Z'
}
{
  message: 'Database connect successfully',
  level: 'info',
  label: 'PH',
  timestamp: '2023-09-21T16:27:04.940Z'
}
{
  message: 'Application app listening on port 5001',
  level: 'info',
  label: 'PH',
  timestamp: '2023-09-21T16:27:04.996Z'
}
{
  message: 'Database connect successfully',
  level: 'info',
  label: 'PH',
  timestamp: '2023-09-21T16:28:02.813Z'
}
{
  message: 'Application app listening on port 5001',
  level: 'info',
  label: 'PH',
  timestamp: '2023-09-21T16:28:02.820Z'
}
{
  message: 'Database connect successfully',
  level: 'info',
  label: 'PH',
  timestamp: '2023-09-21T16:28:10.708Z'
}
{
  message: 'Application app listening on port 5001',
  level: 'info',
  label: 'PH',
  timestamp: '2023-09-21T16:28:10.715Z'
}
{
  message: 'Database connect successfully',
  level: 'info',
  label: 'PH',
  timestamp: '2023-09-21T16:31:55.818Z'
}
{
  message: 'Application app listening on port 5001',
  level: 'info',
  label: 'PH',
  timestamp: '2023-09-21T16:31:55.830Z'
}
{
  message: 'Database connect successfully',
  level: 'info',
  label: 'PH',
  timestamp: '2023-09-21T16:32:37.909Z'
}
{
  message: 'Application app listening on port 5001',
  level: 'info',
  label: 'PH',
  timestamp: '2023-09-21T16:32:37.918Z'
}
{
  message: 'Database connect successfully',
  level: 'info',
  label: 'PH',
  timestamp: '2023-09-21T16:32:57.110Z'
}
{
  message: 'Application app listening on port 5001',
  level: 'info',
  label: 'PH',
  timestamp: '2023-09-21T16:32:57.116Z'
}
{
  message: 'Database connect successfully',
  level: 'info',
  label: 'PH',
  timestamp: '2023-09-21T16:33:48.739Z'
}
{
  message: 'Application app listening on port 5001',
  level: 'info',
  label: 'PH',
  timestamp: '2023-09-21T16:33:48.745Z'
}
{
  message: 'Database connect successfully',
  level: 'info',
  label: 'PH',
  timestamp: '2023-09-21T16:34:48.187Z'
}
{
  message: 'Application app listening on port 5001',
  level: 'info',
  label: 'PH',
  timestamp: '2023-09-21T16:34:48.194Z'
}
{
  message: 'Database connect successfully',
  level: 'info',
  label: 'PH',
  timestamp: '2023-09-21T16:36:25.394Z'
}
{
  message: 'Application app listening on port 5001',
  level: 'info',
  label: 'PH',
  timestamp: '2023-09-21T16:36:25.401Z'
}
{
  message: 'Database connect successfully',
  level: 'info',
  label: 'PH',
  timestamp: '2023-09-21T16:36:36.845Z'
}
{
  message: 'Application app listening on port 5001',
  level: 'info',
  label: 'PH',
  timestamp: '2023-09-21T16:36:36.852Z'
}
{
  message: 'Database connect successfully',
  level: 'info',
  label: 'PH',
  timestamp: '2023-09-21T16:36:41.665Z'
}
{
  message: 'Application app listening on port 5001',
  level: 'info',
  label: 'PH',
  timestamp: '2023-09-21T16:36:41.674Z'
}
{
  message: 'Database connect successfully',
  level: 'info',
  label: 'PH',
  timestamp: '2023-09-21T16:36:52.545Z'
}
{
  message: 'Application app listening on port 5001',
  level: 'info',
  label: 'PH',
  timestamp: '2023-09-21T16:36:52.554Z'
}
{
  message: 'Database connect successfully',
  level: 'info',
  label: 'PH',
  timestamp: '2023-09-21T16:37:53.837Z'
}
{
  message: 'Application app listening on port 5001',
  level: 'info',
  label: 'PH',
  timestamp: '2023-09-21T16:37:53.848Z'
}
{
  message: 'Database connect successfully',
  level: 'info',
  label: 'PH',
  timestamp: '2023-09-21T16:38:12.507Z'
}
{
  message: 'Application app listening on port 5001',
  level: 'info',
  label: 'PH',
  timestamp: '2023-09-21T16:38:12.516Z'
}
{
  message: 'Database connect successfully',
  level: 'info',
  label: 'PH',
  timestamp: '2023-09-21T16:38:42.244Z'
}
{
  message: 'Application app listening on port 5001',
  level: 'info',
  label: 'PH',
  timestamp: '2023-09-21T16:38:42.252Z'
}
{
  message: 'Database connect successfully',
  level: 'info',
  label: 'PH',
  timestamp: '2023-09-21T16:39:23.270Z'
}
{
  message: 'Application app listening on port 5001',
  level: 'info',
  label: 'PH',
  timestamp: '2023-09-21T16:39:23.279Z'
}
{
  message: 'Database connect successfully',
  level: 'info',
  label: 'PH',
  timestamp: '2023-09-21T16:39:58.068Z'
}
{
  message: 'Application app listening on port 5001',
  level: 'info',
  label: 'PH',
  timestamp: '2023-09-21T16:39:58.074Z'
}
{
  message: 'Database connect successfully',
  level: 'info',
  label: 'PH',
  timestamp: '2023-09-21T16:40:02.611Z'
}
{
  message: 'Application app listening on port 5001',
  level: 'info',
  label: 'PH',
  timestamp: '2023-09-21T16:40:02.626Z'
}
{
  message: 'Database connect successfully',
  level: 'info',
  label: 'PH',
  timestamp: '2023-09-21T16:42:01.858Z'
}
{
  message: 'Application app listening on port 5001',
  level: 'info',
  label: 'PH',
  timestamp: '2023-09-21T16:42:01.866Z'
}
{
  message: 'Database connect successfully',
  level: 'info',
  label: 'PH',
  timestamp: '2023-09-21T16:42:04.726Z'
}
{
  message: 'Application app listening on port 5001',
  level: 'info',
  label: 'PH',
  timestamp: '2023-09-21T16:42:04.734Z'
}
{
  message: 'Database connect successfully',
  level: 'info',
  label: 'PH',
  timestamp: '2023-09-21T16:42:21.662Z'
}
{
  message: 'Application app listening on port 5001',
  level: 'info',
  label: 'PH',
  timestamp: '2023-09-21T16:42:21.668Z'
}
{
  message: 'Database connect successfully',
  level: 'info',
  label: 'PH',
  timestamp: '2023-09-21T16:42:28.039Z'
}
{
  message: 'Application app listening on port 5001',
  level: 'info',
  label: 'PH',
  timestamp: '2023-09-21T16:42:28.047Z'
}
{
  message: 'Database connect successfully',
  level: 'info',
  label: 'PH',
  timestamp: '2023-09-21T16:42:49.527Z'
}
{
  message: 'Application app listening on port 5001',
  level: 'info',
  label: 'PH',
  timestamp: '2023-09-21T16:42:49.535Z'
}
{
  message: 'Database connect successfully',
  level: 'info',
  label: 'PH',
  timestamp: '2023-09-21T16:42:58.191Z'
}
{
  message: 'Application app listening on port 5001',
  level: 'info',
  label: 'PH',
  timestamp: '2023-09-21T16:42:58.197Z'
}
{
  message: 'Database connect successfully',
  level: 'info',
  label: 'PH',
  timestamp: '2023-09-21T16:43:06.146Z'
}
{
  message: 'Application app listening on port 5001',
  level: 'info',
  label: 'PH',
  timestamp: '2023-09-21T16:43:06.156Z'
}
{
  message: 'Database connect successfully',
  level: 'info',
  label: 'PH',
  timestamp: '2023-09-21T16:44:04.322Z'
}
{
  message: 'Application app listening on port 5001',
  level: 'info',
  label: 'PH',
  timestamp: '2023-09-21T16:44:04.335Z'
}
{
  message: 'Database connect successfully',
  level: 'info',
  label: 'PH',
  timestamp: '2023-09-21T16:44:10.825Z'
}
{
  message: 'Application app listening on port 5001',
  level: 'info',
  label: 'PH',
  timestamp: '2023-09-21T16:44:10.839Z'
}
{
  message: 'Database connect successfully',
  level: 'info',
  label: 'PH',
  timestamp: '2023-09-21T16:44:20.688Z'
}
{
  message: 'Application app listening on port 5001',
  level: 'info',
  label: 'PH',
  timestamp: '2023-09-21T16:44:20.695Z'
}
{
  message: 'Database connect successfully',
  level: 'info',
  label: 'PH',
  timestamp: '2023-09-21T16:44:31.179Z'
}
{
  message: 'Application app listening on port 5001',
  level: 'info',
  label: 'PH',
  timestamp: '2023-09-21T16:44:31.186Z'
}
{
  message: 'Database connect successfully',
  level: 'info',
  label: 'PH',
  timestamp: '2023-09-21T16:45:09.834Z'
}
{
  message: 'Application app listening on port 5001',
  level: 'info',
  label: 'PH',
  timestamp: '2023-09-21T16:45:09.867Z'
}
{
  message: 'Database connect successfully',
  level: 'info',
  label: 'PH',
  timestamp: '2023-09-21T16:48:58.742Z'
}
{
  message: 'Application app listening on port 5001',
  level: 'info',
  label: 'PH',
  timestamp: '2023-09-21T16:48:58.749Z'
}
{
  message: 'Database connect successfully',
  level: 'info',
  label: 'PH',
  timestamp: '2023-09-21T16:51:08.054Z'
}
{
  message: 'Application app listening on port 5001',
  level: 'info',
  label: 'PH',
  timestamp: '2023-09-21T16:51:08.060Z'
}
{
  message: 'Database connect successfully',
  level: 'info',
  label: 'PH',
  timestamp: '2023-09-21T16:52:58.357Z'
}
{
  message: 'Application app listening on port 5001',
  level: 'info',
  label: 'PH',
  timestamp: '2023-09-21T16:52:58.365Z'
}
{
  message: 'Database connect successfully',
  level: 'info',
  label: 'PH',
  timestamp: '2023-09-21T16:53:02.902Z'
}
{
  message: 'Application app listening on port 5001',
  level: 'info',
  label: 'PH',
  timestamp: '2023-09-21T16:53:02.909Z'
}
{
  message: 'Database connect successfully',
  level: 'info',
  label: 'PH',
  timestamp: '2023-09-21T16:53:20.237Z'
}
{
  message: 'Application app listening on port 5001',
  level: 'info',
  label: 'PH',
  timestamp: '2023-09-21T16:53:20.243Z'
}
{
  message: 'Database connect successfully',
  level: 'info',
  label: 'PH',
  timestamp: '2023-09-21T16:54:00.002Z'
}
{
  message: 'Application app listening on port 5001',
  level: 'info',
  label: 'PH',
  timestamp: '2023-09-21T16:54:00.009Z'
}
{
  message: 'Database connect successfully',
  level: 'info',
  label: 'PH',
  timestamp: '2023-09-21T16:54:30.661Z'
}
{
  message: 'Application app listening on port 5001',
  level: 'info',
  label: 'PH',
  timestamp: '2023-09-21T16:54:30.668Z'
}
{
  message: 'Database connect successfully',
  level: 'info',
  label: 'PH',
  timestamp: '2023-09-21T16:55:46.599Z'
}
{
  message: 'Application app listening on port 5001',
  level: 'info',
  label: 'PH',
  timestamp: '2023-09-21T16:55:46.608Z'
}
{
  message: 'Database connect successfully',
  level: 'info',
  label: 'PH',
  timestamp: '2023-09-21T16:55:57.005Z'
}
{
  message: 'Application app listening on port 5001',
  level: 'info',
  label: 'PH',
  timestamp: '2023-09-21T16:55:57.012Z'
}
{
  message: 'Database connect successfully',
  level: 'info',
  label: 'PH',
  timestamp: '2023-09-21T16:57:32.519Z'
}
{
  message: 'Application app listening on port 5001',
  level: 'info',
  label: 'PH',
  timestamp: '2023-09-21T16:57:32.531Z'
}
{
  message: 'Database connect successfully',
  level: 'info',
  label: 'PH',
  timestamp: '2023-09-21T16:57:55.679Z'
}
{
  message: 'Application app listening on port 5001',
  level: 'info',
  label: 'PH',
  timestamp: '2023-09-21T16:57:55.686Z'
}
{
  message: 'Database connect successfully',
  level: 'info',
  label: 'PH',
  timestamp: '2023-09-21T16:58:05.009Z'
}
{
  message: 'Application app listening on port 5001',
  level: 'info',
  label: 'PH',
  timestamp: '2023-09-21T16:58:05.019Z'
}
