{
  message: 'Database connect successfully',
  level: 'info',
  label: 'PH',
  timestamp: '2023-09-21T15:05:51.113Z'
}
{
  message: 'Application app listening on port 5001',
  level: 'info',
  label: 'PH',
  timestamp: '2023-09-21T15:05:51.125Z'
}
{
  message: 'Database connect successfully',
  level: 'info',
  label: 'PH',
  timestamp: '2023-09-21T15:10:31.655Z'
}
{
  message: 'Application app listening on port 5001',
  level: 'info',
  label: 'PH',
  timestamp: '2023-09-21T15:10:31.662Z'
}
{
  message: 'Database connect successfully',
  level: 'info',
  label: 'PH',
  timestamp: '2023-09-21T15:11:42.480Z'
}
{
  message: 'Application app listening on port 5001',
  level: 'info',
  label: 'PH',
  timestamp: '2023-09-21T15:11:42.487Z'
}
{
  message: 'Database connect successfully',
  level: 'info',
  label: 'PH',
  timestamp: '2023-09-21T15:23:27.749Z'
}
{
  message: 'Application app listening on port 5001',
  level: 'info',
  label: 'PH',
  timestamp: '2023-09-21T15:23:27.756Z'
}
{
  message: 'Database connect successfully',
  level: 'info',
  label: 'PH',
  timestamp: '2023-09-21T15:24:02.993Z'
}
{
  message: 'Application app listening on port 5001',
  level: 'info',
  label: 'PH',
  timestamp: '2023-09-21T15:24:03.000Z'
}
{
  message: 'Database connect successfully',
  level: 'info',
  label: 'PH',
  timestamp: '2023-09-21T15:24:08.334Z'
}
{
  message: 'Application app listening on port 5001',
  level: 'info',
  label: 'PH',
  timestamp: '2023-09-21T15:24:08.341Z'
}
{
  message: 'Database connect successfully',
  level: 'info',
  label: 'PH',
  timestamp: '2023-09-21T15:24:33.801Z'
}
{
  message: 'Application app listening on port 5001',
  level: 'info',
  label: 'PH',
  timestamp: '2023-09-21T15:24:33.806Z'
}
{
  message: 'Database connect successfully',
  level: 'info',
  label: 'PH',
  timestamp: '2023-09-21T15:27:38.198Z'
}
{
  message: 'Application app listening on port 5001',
  level: 'info',
  label: 'PH',
  timestamp: '2023-09-21T15:27:38.210Z'
}
{
  message: 'Database connect successfully',
  level: 'info',
  label: 'PH',
  timestamp: '2023-09-21T15:27:41.051Z'
}
{
  message: 'Application app listening on port 5001',
  level: 'info',
  label: 'PH',
  timestamp: '2023-09-21T15:27:41.058Z'
}
{
  message: 'Database connect successfully',
  level: 'info',
  label: 'PH',
  timestamp: '2023-09-21T15:34:06.892Z'
}
{
  message: 'Application app listening on port 5001',
  level: 'info',
  label: 'PH',
  timestamp: '2023-09-21T15:34:06.903Z'
}
{
  message: 'Database connect successfully',
  level: 'info',
  label: 'PH',
  timestamp: '2023-09-21T15:47:16.397Z'
}
{
  message: 'Application app listening on port 5001',
  level: 'info',
  label: 'PH',
  timestamp: '2023-09-21T15:47:16.404Z'
}
{
  message: 'Database connect successfully',
  level: 'info',
  label: 'PH',
  timestamp: '2023-09-21T15:56:02.731Z'
}
{
  message: 'Application app listening on port 5001',
  level: 'info',
  label: 'PH',
  timestamp: '2023-09-21T15:56:02.737Z'
}
