{
  message: 'Database connect successfully',
  level: 'info',
  label: 'PH',
  timestamp: '2023-09-19T05:15:24.180Z'
}
{
  message: 'Application app listening on port 5001',
  level: 'info',
  label: 'PH',
  timestamp: '2023-09-19T05:15:24.187Z'
}
{
  message: 'Database connect successfully',
  level: 'info',
  label: 'PH',
  timestamp: '2023-09-19T05:15:38.889Z'
}
{
  message: 'Application app listening on port 5001',
  level: 'info',
  label: 'PH',
  timestamp: '2023-09-19T05:15:38.895Z'
}
{
  message: 'Database connect successfully',
  level: 'info',
  label: 'PH',
  timestamp: '2023-09-19T05:17:12.617Z'
}
{
  message: 'Application app listening on port 5001',
  level: 'info',
  label: 'PH',
  timestamp: '2023-09-19T05:17:12.626Z'
}
{
  message: 'Database connect successfully',
  level: 'info',
  label: 'PH',
  timestamp: '2023-09-19T05:17:42.687Z'
}
{
  message: 'Application app listening on port 5001',
  level: 'info',
  label: 'PH',
  timestamp: '2023-09-19T05:17:42.698Z'
}
{
  message: 'Database connect successfully',
  level: 'info',
  label: 'PH',
  timestamp: '2023-09-19T05:18:33.318Z'
}
{
  message: 'Application app listening on port 5001',
  level: 'info',
  label: 'PH',
  timestamp: '2023-09-19T05:18:33.327Z'
}
{
  message: 'Database connect successfully',
  level: 'info',
  label: 'PH',
  timestamp: '2023-09-19T05:18:40.889Z'
}
{
  message: 'Application app listening on port 5001',
  level: 'info',
  label: 'PH',
  timestamp: '2023-09-19T05:18:40.896Z'
}
{
  message: 'Database connect successfully',
  level: 'info',
  label: 'PH',
  timestamp: '2023-09-19T05:18:45.765Z'
}
{
  message: 'Application app listening on port 5001',
  level: 'info',
  label: 'PH',
  timestamp: '2023-09-19T05:18:45.778Z'
}
{
  message: 'Database connect successfully',
  level: 'info',
  label: 'PH',
  timestamp: '2023-09-19T05:25:51.644Z'
}
{
  message: 'Application app listening on port 5001',
  level: 'info',
  label: 'PH',
  timestamp: '2023-09-19T05:25:51.650Z'
}
{
  message: 'Database connect successfully',
  level: 'info',
  label: 'PH',
  timestamp: '2023-09-19T05:26:29.095Z'
}
{
  message: 'Application app listening on port 5001',
  level: 'info',
  label: 'PH',
  timestamp: '2023-09-19T05:26:29.101Z'
}
{
  message: 'Database connect successfully',
  level: 'info',
  label: 'PH',
  timestamp: '2023-09-19T05:27:05.339Z'
}
{
  message: 'Application app listening on port 5001',
  level: 'info',
  label: 'PH',
  timestamp: '2023-09-19T05:27:05.347Z'
}
{
  message: 'Database connect successfully',
  level: 'info',
  label: 'PH',
  timestamp: '2023-09-19T05:28:32.151Z'
}
{
  message: 'Application app listening on port 5001',
  level: 'info',
  label: 'PH',
  timestamp: '2023-09-19T05:28:32.157Z'
}
{
  message: 'Database connect successfully',
  level: 'info',
  label: 'PH',
  timestamp: '2023-09-19T05:30:19.990Z'
}
{
  message: 'Application app listening on port 5001',
  level: 'info',
  label: 'PH',
  timestamp: '2023-09-19T05:30:19.997Z'
}
{
  message: 'Database connect successfully',
  level: 'info',
  label: 'PH',
  timestamp: '2023-09-19T05:30:53.719Z'
}
{
  message: 'Application app listening on port 5001',
  level: 'info',
  label: 'PH',
  timestamp: '2023-09-19T05:30:53.725Z'
}
{
  message: 'Database connect successfully',
  level: 'info',
  label: 'PH',
  timestamp: '2023-09-19T05:30:57.929Z'
}
{
  message: 'Application app listening on port 5001',
  level: 'info',
  label: 'PH',
  timestamp: '2023-09-19T05:30:57.936Z'
}
{
  message: 'Database connect successfully',
  level: 'info',
  label: 'PH',
  timestamp: '2023-09-19T05:32:34.976Z'
}
{
  message: 'Application app listening on port 5001',
  level: 'info',
  label: 'PH',
  timestamp: '2023-09-19T05:32:34.991Z'
}
{
  message: 'Database connect successfully',
  level: 'info',
  label: 'PH',
  timestamp: '2023-09-19T05:32:48.973Z'
}
{
  message: 'Application app listening on port 5001',
  level: 'info',
  label: 'PH',
  timestamp: '2023-09-19T05:32:48.982Z'
}
{
  message: 'Database connect successfully',
  level: 'info',
  label: 'PH',
  timestamp: '2023-09-19T05:34:11.546Z'
}
{
  message: 'Application app listening on port 5001',
  level: 'info',
  label: 'PH',
  timestamp: '2023-09-19T05:34:11.557Z'
}
{
  message: 'Database connect successfully',
  level: 'info',
  label: 'PH',
  timestamp: '2023-09-19T05:34:17.069Z'
}
{
  message: 'Application app listening on port 5001',
  level: 'info',
  label: 'PH',
  timestamp: '2023-09-19T05:34:17.079Z'
}
{
  message: 'Database connect successfully',
  level: 'info',
  label: 'PH',
  timestamp: '2023-09-19T05:35:00.754Z'
}
{
  message: 'Application app listening on port 5001',
  level: 'info',
  label: 'PH',
  timestamp: '2023-09-19T05:35:00.765Z'
}
{
  message: 'Database connect successfully',
  level: 'info',
  label: 'PH',
  timestamp: '2023-09-19T05:42:08.134Z'
}
{
  message: 'Application app listening on port 5001',
  level: 'info',
  label: 'PH',
  timestamp: '2023-09-19T05:42:08.140Z'
}
{
  message: 'Database connect successfully',
  level: 'info',
  label: 'PH',
  timestamp: '2023-09-19T05:42:14.969Z'
}
{
  message: 'Application app listening on port 5001',
  level: 'info',
  label: 'PH',
  timestamp: '2023-09-19T05:42:14.976Z'
}
{
  message: 'Database connect successfully',
  level: 'info',
  label: 'PH',
  timestamp: '2023-09-19T05:46:38.858Z'
}
{
  message: 'Application app listening on port 5001',
  level: 'info',
  label: 'PH',
  timestamp: '2023-09-19T05:46:38.871Z'
}
