{
  message: 'Database connect successfully',
  level: 'info',
  label: 'PH',
  timestamp: '2023-06-12T18:38:20.078Z'
}
{
  message: 'Application app listening on port 5000',
  level: 'info',
  label: 'PH',
  timestamp: '2023-06-12T18:38:20.091Z'
}
{
  message: 'Database connect successfully',
  level: 'info',
  label: 'PH',
  timestamp: '2023-06-12T18:40:18.305Z'
}
{
  message: 'Application app listening on port 5000',
  level: 'info',
  label: 'PH',
  timestamp: '2023-06-12T18:40:18.311Z'
}
{
  message: 'Database connect successfully',
  level: 'info',
  label: 'PH',
  timestamp: '2023-06-12T18:40:46.271Z'
}
{
  message: 'Application app listening on port 5000',
  level: 'info',
  label: 'PH',
  timestamp: '2023-06-12T18:40:46.277Z'
}
{
  message: 'Database connect successfully',
  level: 'info',
  label: 'PH',
  timestamp: '2023-06-12T18:43:30.996Z'
}
{
  message: 'Application app listening on port 5000',
  level: 'info',
  label: 'PH',
  timestamp: '2023-06-12T18:43:31.003Z'
}
{
  message: 'Database connect successfully',
  level: 'info',
  label: 'PH',
  timestamp: '2023-06-12T18:45:46.268Z'
}
{
  message: 'Application app listening on port 5000',
  level: 'info',
  label: 'PH',
  timestamp: '2023-06-12T18:45:46.274Z'
}
{
  message: 'Database connect successfully',
  level: 'info',
  label: 'PH',
  timestamp: '2023-06-12T18:47:34.131Z'
}
{
  message: 'Application app listening on port 5000',
  level: 'info',
  label: 'PH',
  timestamp: '2023-06-12T18:47:34.143Z'
}
{
  message: 'Database connect successfully',
  level: 'info',
  label: 'PH',
  timestamp: '2023-06-12T18:52:18.544Z'
}
{
  message: 'Application app listening on port 5000',
  level: 'info',
  label: 'PH',
  timestamp: '2023-06-12T18:52:18.551Z'
}
{
  message: 'Database connect successfully',
  level: 'info',
  label: 'PH',
  timestamp: '2023-06-12T18:56:29.194Z'
}
{
  message: 'Application app listening on port 5000',
  level: 'info',
  label: 'PH',
  timestamp: '2023-06-12T18:56:29.200Z'
}
{
  message: 'Database connect successfully',
  level: 'info',
  label: 'PH',
  timestamp: '2023-06-12T18:58:14.331Z'
}
{
  message: 'Application app listening on port 5000',
  level: 'info',
  label: 'PH',
  timestamp: '2023-06-12T18:58:14.338Z'
}
