{
  message: 'Database connect successfully',
  level: 'info',
  label: 'PH',
  timestamp: '2023-09-19T08:14:13.361Z'
}
{
  message: 'Application app listening on port 5001',
  level: 'info',
  label: 'PH',
  timestamp: '2023-09-19T08:14:13.375Z'
}
{
  message: 'Database connect successfully',
  level: 'info',
  label: 'PH',
  timestamp: '2023-09-19T08:19:25.153Z'
}
{
  message: 'Application app listening on port 5001',
  level: 'info',
  label: 'PH',
  timestamp: '2023-09-19T08:19:25.159Z'
}
{
  message: 'Database connect successfully',
  level: 'info',
  label: 'PH',
  timestamp: '2023-09-19T08:20:45.824Z'
}
{
  message: 'Application app listening on port 5001',
  level: 'info',
  label: 'PH',
  timestamp: '2023-09-19T08:20:45.833Z'
}
{
  message: 'Database connect successfully',
  level: 'info',
  label: 'PH',
  timestamp: '2023-09-19T08:21:30.558Z'
}
{
  message: 'Application app listening on port 5001',
  level: 'info',
  label: 'PH',
  timestamp: '2023-09-19T08:21:30.570Z'
}
{
  message: 'Database connect successfully',
  level: 'info',
  label: 'PH',
  timestamp: '2023-09-19T08:23:27.697Z'
}
{
  message: 'Application app listening on port 5001',
  level: 'info',
  label: 'PH',
  timestamp: '2023-09-19T08:23:27.704Z'
}
{
  message: 'Database connect successfully',
  level: 'info',
  label: 'PH',
  timestamp: '2023-09-19T08:28:22.775Z'
}
{
  message: 'Application app listening on port 5001',
  level: 'info',
  label: 'PH',
  timestamp: '2023-09-19T08:28:22.786Z'
}
{
  message: 'Database connect successfully',
  level: 'info',
  label: 'PH',
  timestamp: '2023-09-19T08:28:39.587Z'
}
{
  message: 'Application app listening on port 5001',
  level: 'info',
  label: 'PH',
  timestamp: '2023-09-19T08:28:39.595Z'
}
{
  message: 'Database connect successfully',
  level: 'info',
  label: 'PH',
  timestamp: '2023-09-19T08:29:12.296Z'
}
{
  message: 'Application app listening on port 5001',
  level: 'info',
  label: 'PH',
  timestamp: '2023-09-19T08:29:12.303Z'
}
{
  message: 'Database connect successfully',
  level: 'info',
  label: 'PH',
  timestamp: '2023-09-19T08:29:20.163Z'
}
{
  message: 'Application app listening on port 5001',
  level: 'info',
  label: 'PH',
  timestamp: '2023-09-19T08:29:20.169Z'
}
{
  message: 'Database connect successfully',
  level: 'info',
  label: 'PH',
  timestamp: '2023-09-19T08:29:25.463Z'
}
{
  message: 'Application app listening on port 5001',
  level: 'info',
  label: 'PH',
  timestamp: '2023-09-19T08:29:25.469Z'
}
{
  message: 'Database connect successfully',
  level: 'info',
  label: 'PH',
  timestamp: '2023-09-19T08:29:38.681Z'
}
{
  message: 'Application app listening on port 5001',
  level: 'info',
  label: 'PH',
  timestamp: '2023-09-19T08:29:38.693Z'
}
