{
  message: 'Database connect successfully',
  level: 'info',
  label: 'PH',
  timestamp: '2023-06-12T09:12:29.383Z'
}
{
  message: 'Application app listening on port 5000',
  level: 'info',
  label: 'PH',
  timestamp: '2023-06-12T09:12:29.391Z'
}
{
  message: 'Database connect successfully',
  level: 'info',
  label: 'PH',
  timestamp: '2023-06-12T09:13:29.878Z'
}
{
  message: 'Application app listening on port 5000',
  level: 'info',
  label: 'PH',
  timestamp: '2023-06-12T09:13:29.885Z'
}
{
  message: 'Database connect successfully',
  level: 'info',
  label: 'PH',
  timestamp: '2023-06-12T09:13:39.058Z'
}
{
  message: 'Application app listening on port 5000',
  level: 'info',
  label: 'PH',
  timestamp: '2023-06-12T09:13:39.065Z'
}
{
  message: 'Database connect successfully',
  level: 'info',
  label: 'PH',
  timestamp: '2023-06-12T09:14:19.602Z'
}
{
  message: 'Application app listening on port 5000',
  level: 'info',
  label: 'PH',
  timestamp: '2023-06-12T09:14:19.608Z'
}
{
  message: 'Database connect successfully',
  level: 'info',
  label: 'PH',
  timestamp: '2023-06-12T09:25:15.525Z'
}
{
  message: 'Application app listening on port 5000',
  level: 'info',
  label: 'PH',
  timestamp: '2023-06-12T09:25:15.538Z'
}
{
  message: 'Database connect successfully',
  level: 'info',
  label: 'PH',
  timestamp: '2023-06-12T09:26:40.471Z'
}
{
  message: 'Application app listening on port 5000',
  level: 'info',
  label: 'PH',
  timestamp: '2023-06-12T09:26:40.478Z'
}
{
  message: 'Database connect successfully',
  level: 'info',
  label: 'PH',
  timestamp: '2023-06-12T09:29:02.092Z'
}
{
  message: 'Application app listening on port 5000',
  level: 'info',
  label: 'PH',
  timestamp: '2023-06-12T09:29:02.099Z'
}
{
  message: 'Database connect successfully',
  level: 'info',
  label: 'PH',
  timestamp: '2023-06-12T09:51:04.790Z'
}
{
  message: 'Application app listening on port 5000',
  level: 'info',
  label: 'PH',
  timestamp: '2023-06-12T09:51:04.804Z'
}
{
  message: 'Database connect successfully',
  level: 'info',
  label: 'PH',
  timestamp: '2023-06-12T09:51:37.262Z'
}
{
  message: 'Application app listening on port 5000',
  level: 'info',
  label: 'PH',
  timestamp: '2023-06-12T09:51:37.277Z'
}
{
  message: 'Database connect successfully',
  level: 'info',
  label: 'PH',
  timestamp: '2023-06-12T09:51:54.618Z'
}
{
  message: 'Application app listening on port 5000',
  level: 'info',
  label: 'PH',
  timestamp: '2023-06-12T09:51:54.624Z'
}
