{
  errors: {
    title: ValidatorError: `JS Developer` is not a valid enum value for path `title`.
        at validate (C:\projects\UM-auth-service\node_modules\mongoose\lib\schematype.js:1349:13)
        at SchemaString.SchemaType.doValidate (C:\projects\UM-auth-service\node_modules\mongoose\lib\schematype.js:1333:7)
        at C:\projects\UM-auth-service\node_modules\mongoose\lib\document.js:2932:18
        at processTicksAndRejections (node:internal/process/task_queues:78:11) {
      properties: {
        validator: [Function (anonymous)],
        message: '`JS Developer` is not a valid enum value for path `title`.',
        type: 'enum',
        enumValues: [ 'Autumn', 'Summer', 'Fall' ],
        path: 'title',
        value: 'JS Developer'
      },
      kind: 'enum',
      path: 'title',
      value: 'JS Developer',
      reason: undefined,
      [Symbol(mongoose:validatorError)]: true
    },
    year: ValidatorError: Path `year` is required.
        at validate (C:\projects\UM-auth-service\node_modules\mongoose\lib\schematype.js:1349:13)
        at SchemaNumber.SchemaType.doValidate (C:\projects\UM-auth-service\node_modules\mongoose\lib\schematype.js:1333:7)
        at C:\projects\UM-auth-service\node_modules\mongoose\lib\document.js:2932:18
        at processTicksAndRejections (node:internal/process/task_queues:78:11) {
      properties: {
        validator: [Function (anonymous)],
        message: 'Path `year` is required.',
        type: 'required',
        path: 'year',
        value: undefined
      },
      kind: 'required',
      path: 'year',
      value: undefined,
      reason: undefined,
      [Symbol(mongoose:validatorError)]: true
    },
    code: ValidatorError: Path `code` is required.
        at validate (C:\projects\UM-auth-service\node_modules\mongoose\lib\schematype.js:1349:13)
        at SchemaString.SchemaType.doValidate (C:\projects\UM-auth-service\node_modules\mongoose\lib\schematype.js:1333:7)
        at C:\projects\UM-auth-service\node_modules\mongoose\lib\document.js:2932:18
        at processTicksAndRejections (node:internal/process/task_queues:78:11) {
      properties: {
        validator: [Function (anonymous)],
        message: 'Path `code` is required.',
        type: 'required',
        path: 'code',
        value: undefined
      },
      kind: 'required',
      path: 'code',
      value: undefined,
      reason: undefined,
      [Symbol(mongoose:validatorError)]: true
    },
    startMonth: ValidatorError: Path `startMonth` is required.
        at validate (C:\projects\UM-auth-service\node_modules\mongoose\lib\schematype.js:1349:13)
        at SchemaString.SchemaType.doValidate (C:\projects\UM-auth-service\node_modules\mongoose\lib\schematype.js:1333:7)
        at C:\projects\UM-auth-service\node_modules\mongoose\lib\document.js:2932:18
        at processTicksAndRejections (node:internal/process/task_queues:78:11) {
      properties: {
        validator: [Function (anonymous)],
        message: 'Path `startMonth` is required.',
        type: 'required',
        path: 'startMonth',
        value: undefined
      },
      kind: 'required',
      path: 'startMonth',
      value: undefined,
      reason: undefined,
      [Symbol(mongoose:validatorError)]: true
    },
    endMonth: ValidatorError: Path `endMonth` is required.
        at validate (C:\projects\UM-auth-service\node_modules\mongoose\lib\schematype.js:1349:13)
        at SchemaString.SchemaType.doValidate (C:\projects\UM-auth-service\node_modules\mongoose\lib\schematype.js:1333:7)
        at C:\projects\UM-auth-service\node_modules\mongoose\lib\document.js:2932:18
        at processTicksAndRejections (node:internal/process/task_queues:78:11) {
      properties: {
        validator: [Function (anonymous)],
        message: 'Path `endMonth` is required.',
        type: 'required',
        path: 'endMonth',
        value: undefined
      },
      kind: 'required',
      path: 'endMonth',
      value: undefined,
      reason: undefined,
      [Symbol(mongoose:validatorError)]: true
    }
  },
  _message: 'AcademicSemester validation failed',
  level: 'error',
  label: 'PH',
  timestamp: '2023-09-19T10:17:58.746Z'
}
{
  errors: {
    title: ValidatorError: `NExtJS Developer` is not a valid enum value for path `title`.
        at validate (C:\projects\UM-auth-service\node_modules\mongoose\lib\schematype.js:1349:13)
        at SchemaString.SchemaType.doValidate (C:\projects\UM-auth-service\node_modules\mongoose\lib\schematype.js:1333:7)
        at C:\projects\UM-auth-service\node_modules\mongoose\lib\document.js:2932:18
        at processTicksAndRejections (node:internal/process/task_queues:78:11) {
      properties: {
        validator: [Function (anonymous)],
        message: '`NExtJS Developer` is not a valid enum value for path `title`.',
        type: 'enum',
        enumValues: [ 'Autumn', 'Summer', 'Fall' ],
        path: 'title',
        value: 'NExtJS Developer'
      },
      kind: 'enum',
      path: 'title',
      value: 'NExtJS Developer',
      reason: undefined,
      [Symbol(mongoose:validatorError)]: true
    },
    year: ValidatorError: Path `year` is required.
        at validate (C:\projects\UM-auth-service\node_modules\mongoose\lib\schematype.js:1349:13)
        at SchemaNumber.SchemaType.doValidate (C:\projects\UM-auth-service\node_modules\mongoose\lib\schematype.js:1333:7)
        at C:\projects\UM-auth-service\node_modules\mongoose\lib\document.js:2932:18
        at processTicksAndRejections (node:internal/process/task_queues:78:11) {
      properties: {
        validator: [Function (anonymous)],
        message: 'Path `year` is required.',
        type: 'required',
        path: 'year',
        value: undefined
      },
      kind: 'required',
      path: 'year',
      value: undefined,
      reason: undefined,
      [Symbol(mongoose:validatorError)]: true
    },
    code: ValidatorError: Path `code` is required.
        at validate (C:\projects\UM-auth-service\node_modules\mongoose\lib\schematype.js:1349:13)
        at SchemaString.SchemaType.doValidate (C:\projects\UM-auth-service\node_modules\mongoose\lib\schematype.js:1333:7)
        at C:\projects\UM-auth-service\node_modules\mongoose\lib\document.js:2932:18
        at processTicksAndRejections (node:internal/process/task_queues:78:11) {
      properties: {
        validator: [Function (anonymous)],
        message: 'Path `code` is required.',
        type: 'required',
        path: 'code',
        value: undefined
      },
      kind: 'required',
      path: 'code',
      value: undefined,
      reason: undefined,
      [Symbol(mongoose:validatorError)]: true
    },
    startMonth: ValidatorError: Path `startMonth` is required.
        at validate (C:\projects\UM-auth-service\node_modules\mongoose\lib\schematype.js:1349:13)
        at SchemaString.SchemaType.doValidate (C:\projects\UM-auth-service\node_modules\mongoose\lib\schematype.js:1333:7)
        at C:\projects\UM-auth-service\node_modules\mongoose\lib\document.js:2932:18
        at processTicksAndRejections (node:internal/process/task_queues:78:11) {
      properties: {
        validator: [Function (anonymous)],
        message: 'Path `startMonth` is required.',
        type: 'required',
        path: 'startMonth',
        value: undefined
      },
      kind: 'required',
      path: 'startMonth',
      value: undefined,
      reason: undefined,
      [Symbol(mongoose:validatorError)]: true
    },
    endMonth: ValidatorError: Path `endMonth` is required.
        at validate (C:\projects\UM-auth-service\node_modules\mongoose\lib\schematype.js:1349:13)
        at SchemaString.SchemaType.doValidate (C:\projects\UM-auth-service\node_modules\mongoose\lib\schematype.js:1333:7)
        at C:\projects\UM-auth-service\node_modules\mongoose\lib\document.js:2932:18
        at processTicksAndRejections (node:internal/process/task_queues:78:11) {
      properties: {
        validator: [Function (anonymous)],
        message: 'Path `endMonth` is required.',
        type: 'required',
        path: 'endMonth',
        value: undefined
      },
      kind: 'required',
      path: 'endMonth',
      value: undefined,
      reason: undefined,
      [Symbol(mongoose:validatorError)]: true
    }
  },
  _message: 'AcademicSemester validation failed',
  level: 'error',
  label: 'PH',
  timestamp: '2023-09-19T10:19:14.360Z'
}
